# JRE version: OpenJDK Runtime Environment Temurin-21.0.5+11 (21.0.5+11) (build 21.0.5+11-LTS)
# Java VM: OpenJDK 64-Bit Server VM Temurin-21.0.5+11 (21.0.5+11-LTS, mixed mode, tiered, compressed oops, compressed class ptrs, g1 gc, linux-amd64)
GC Precious Log:
 CardTable entry size: 512
 Card Set container configuration: InlinePtr #cards 5 size 8 Array Of Cards #cards 12 size 40 Howl #buckets 4 coarsen threshold 1843 Howl Bitmap #cards 512 size 80 coarsen threshold 460 Card regions per heap region 1 cards per card region 2048
 CPUs: 32 total, 12 available
 Memory: 15779M
 Large Page Support: Disabled
 NUMA Support: Disabled
 Compressed Oops: Enabled (32-bit)
 Heap Region Size: 1M
 Heap Min Capacity: 64M
 Heap Initial Capacity: 64M
 Heap Max Capacity: 1G
 Pre-touch: Disabled
 Parallel Workers: 10
 Concurrent Workers: 3
 Concurrent Refinement Workers: 10
 Periodic GC: Disabled
Heap:
 garbage-first heap   total 107520K, used 83102K [0x00000000c0000000, 0x0000000100000000)
  region size 1024K, 22 young (22528K), 1 survivors (1024K)
 Metaspace       used 103522K, committed 105600K, reserved 1179648K
  class space    used 11999K, committed 12992K, reserved 1048576K
GC Heap History (20 events):
Event: 16832,007 GC heap before
{Heap before GC invocations=377 (full 0):
 garbage-first heap   total 107520K, used 99495K [0x00000000c0000000, 0x0000000100000000)
  region size 1024K, 37 young (37888K), 1 survivors (1024K)
 Metaspace       used 103499K, committed 105600K, reserved 1179648K
  class space    used 11996K, committed 12992K, reserved 1048576K
}
Event: 16832,008 GC heap after
{Heap after GC invocations=378 (full 0):
 garbage-first heap   total 107520K, used 62635K [0x00000000c0000000, 0x0000000100000000)
  region size 1024K, 1 young (1024K), 1 survivors (1024K)
 Metaspace       used 103499K, committed 105600K, reserved 1179648K
  class space    used 11996K, committed 12992K, reserved 1048576K
}
Event: 16836,802 GC heap before
{Heap before GC invocations=378 (full 0):
 garbage-first heap   total 107520K, used 98475K [0x00000000c0000000, 0x0000000100000000)
  region size 1024K, 36 young (36864K), 1 survivors (1024K)
 Metaspace       used 103499K, committed 105600K, reserved 1179648K
  class space    used 11996K, committed 12992K, reserved 1048576K
}
Event: 16836,803 GC heap after
{Heap after GC invocations=379 (full 0):
 garbage-first heap   total 107520K, used 62499K [0x00000000c0000000, 0x0000000100000000)
  region size 1024K, 1 young (1024K), 1 survivors (1024K)
 Metaspace       used 103499K, committed 105600K, reserved 1179648K
  class space    used 11996K, committed 12992K, reserved 1048576K
}
Event: 16842,252 GC heap before
{Heap before GC invocations=379 (full 0):
 garbage-first heap   total 107520K, used 99363K [0x00000000c0000000, 0x0000000100000000)
  region size 1024K, 37 young (37888K), 1 survivors (1024K)
 Metaspace       used 103500K, committed 105600K, reserved 1179648K
  class space    used 11996K, committed 12992K, reserved 1048576K
}
Event: 16842,253 GC heap after
{Heap after GC invocations=380 (full 0):
 garbage-first heap   total 107520K, used 62552K [0x00000000c0000000, 0x0000000100000000)
  region size 1024K, 1 young (1024K), 1 survivors (1024K)
 Metaspace       used 103500K, committed 105600K, reserved 1179648K
  class space    used 11996K, committed 12992K, reserved 1048576K
}
Event: 16848,429 GC heap before
{Heap before GC invocations=381 (full 0):
 garbage-first heap   total 107520K, used 99416K [0x00000000c0000000, 0x0000000100000000)
  region size 1024K, 37 young (37888K), 1 survivors (1024K)
 Metaspace       used 103500K, committed 105600K, reserved 1179648K
  class space    used 11996K, committed 12992K, reserved 1048576K
}
Event: 16848,430 GC heap after
{Heap after GC invocations=382 (full 0):
 garbage-first heap   total 107520K, used 62554K [0x00000000c0000000, 0x0000000100000000)
  region size 1024K, 1 young (1024K), 1 survivors (1024K)
 Metaspace       used 103500K, committed 105600K, reserved 1179648K
  class space    used 11996K, committed 12992K, reserved 1048576K
}
Event: 16855,841 GC heap before
{Heap before GC invocations=382 (full 0):
 garbage-first heap   total 107520K, used 99418K [0x00000000c0000000, 0x0000000100000000)
  region size 1024K, 37 young (37888K), 1 survivors (1024K)
 Metaspace       used 103519K, committed 105600K, reserved 1179648K
  class space    used 11999K, committed 12992K, reserved 1048576K
}
Event: 16855,842 GC heap after
{Heap after GC invocations=383 (full 0):
 garbage-first heap   total 107520K, used 62561K [0x00000000c0000000, 0x0000000100000000)
  region size 1024K, 1 young (1024K), 1 survivors (1024K)
 Metaspace       used 103519K, committed 105600K, reserved 1179648K
  class space    used 11999K, committed 12992K, reserved 1048576K
}
Event: 16862,241 GC heap before
{Heap before GC invocations=383 (full 0):
 garbage-first heap   total 107520K, used 99425K [0x00000000c0000000, 0x0000000100000000)
  region size 1024K, 37 young (37888K), 1 survivors (1024K)
 Metaspace       used 103520K, committed 105600K, reserved 1179648K
  class space    used 11999K, committed 12992K, reserved 1048576K
}
Event: 16862,242 GC heap after
{Heap after GC invocations=384 (full 0):
 garbage-first heap   total 107520K, used 62646K [0x00000000c0000000, 0x0000000100000000)
  region size 1024K, 1 young (1024K), 1 survivors (1024K)
 Metaspace       used 103520K, committed 105600K, reserved 1179648K
  class space    used 11999K, committed 12992K, reserved 1048576K
}
Event: 16874,612 GC heap before
{Heap before GC invocations=385 (full 0):
 garbage-first heap   total 107520K, used 99510K [0x00000000c0000000, 0x0000000100000000)
  region size 1024K, 37 young (37888K), 1 survivors (1024K)
 Metaspace       used 103520K, committed 105600K, reserved 1179648K
  class space    used 11999K, committed 12992K, reserved 1048576K
}
Event: 16874,614 GC heap after
{Heap after GC invocations=386 (full 0):
 garbage-first heap   total 107520K, used 62648K [0x00000000c0000000, 0x0000000100000000)
  region size 1024K, 1 young (1024K), 1 survivors (1024K)
 Metaspace       used 103520K, committed 105600K, reserved 1179648K
  class space    used 11999K, committed 12992K, reserved 1048576K
}
Event: 16882,094 GC heap before
{Heap before GC invocations=386 (full 0):
 garbage-first heap   total 107520K, used 99512K [0x00000000c0000000, 0x0000000100000000)
  region size 1024K, 37 young (37888K), 1 survivors (1024K)
 Metaspace       used 103520K, committed 105600K, reserved 1179648K
  class space    used 11999K, committed 12992K, reserved 1048576K
}
Event: 16882,096 GC heap after
{Heap after GC invocations=387 (full 0):
 garbage-first heap   total 107520K, used 62542K [0x00000000c0000000, 0x0000000100000000)
  region size 1024K, 1 young (1024K), 1 survivors (1024K)
 Metaspace       used 103520K, committed 105600K, reserved 1179648K
  class space    used 11999K, committed 12992K, reserved 1048576K
}
Event: 16889,422 GC heap before
{Heap before GC invocations=387 (full 0):
 garbage-first heap   total 107520K, used 99406K [0x00000000c0000000, 0x0000000100000000)
  region size 1024K, 37 young (37888K), 1 survivors (1024K)
 Metaspace       used 103520K, committed 105600K, reserved 1179648K
  class space    used 11999K, committed 12992K, reserved 1048576K
}
Event: 16889,423 GC heap after
{Heap after GC invocations=388 (full 0):
 garbage-first heap   total 107520K, used 62654K [0x00000000c0000000, 0x0000000100000000)
  region size 1024K, 1 young (1024K), 1 survivors (1024K)
 Metaspace       used 103520K, committed 105600K, reserved 1179648K
  class space    used 11999K, committed 12992K, reserved 1048576K
}
Event: 16901,734 GC heap before
{Heap before GC invocations=389 (full 0):
 garbage-first heap   total 107520K, used 99518K [0x00000000c0000000, 0x0000000100000000)
  region size 1024K, 37 young (37888K), 1 survivors (1024K)
 Metaspace       used 103522K, committed 105600K, reserved 1179648K
  class space    used 11999K, committed 12992K, reserved 1048576K
}
Event: 16901,735 GC heap after
{Heap after GC invocations=390 (full 0):
 garbage-first heap   total 107520K, used 62622K [0x00000000c0000000, 0x0000000100000000)
  region size 1024K, 1 young (1024K), 1 survivors (1024K)
 Metaspace       used 103522K, committed 105600K, reserved 1179648K
  class space    used 11999K, committed 12992K, reserved 1048576K
}

